<?xml version="1.0" encoding="UTF-8"?>
<!-- Generated by org.testng.reporters.JUnitReportReporter -->
<testsuite hostname="LAPTOP-1GOPOLA3" failures="0" tests="1" name="Jenkins.CI_Intergartion.Test1" time="11.941" errors="0" timestamp="27 May 2021 19:28:58 GMT" skipped="0">
  <testcase classname="Jenkins.CI_Intergartion.Test1" name="f" time="11.941"/>
</testsuite> <!-- Jenkins.CI_Intergartion.Test1 -->
