<?xml version="1.0" encoding="UTF-8"?>
<!-- Generated by org.testng.reporters.JUnitReportReporter -->
<testsuite hostname="LAPTOP-1GOPOLA3" failures="0" tests="1" name="Package1.NewTest" time="15.405" errors="0" timestamp="29 May 2021 07:40:03 GMT" skipped="0">
  <testcase classname="Package1.NewTest" name="f1" time="15.405"/>
</testsuite> <!-- Package1.NewTest -->
